# JRE version: OpenJDK Runtime Environment (8.0_242-b01) (build 1.8.0_242-release-1644-b01)
# Java VM: OpenJDK 64-Bit Server VM (25.242-b01 mixed mode windows-amd64 compressed oops)
Heap:
 PSYoungGen      total 216576K, used 62909K [0x00000000e0000000, 0x00000000f2800000, 0x0000000100000000)
  eden space 157696K, 6% used [0x00000000e0000000,0x00000000e09e4670,0x00000000e9a00000)
  from space 58880K, 89% used [0x00000000e9a00000,0x00000000ecd8ae60,0x00000000ed380000)
  to   space 66048K, 0% used [0x00000000ee780000,0x00000000ee780000,0x00000000f2800000)
 ParOldGen       total 283136K, used 73770K [0x00000000a0000000, 0x00000000b1480000, 0x00000000e0000000)
  object space 283136K, 26% used [0x00000000a0000000,0x00000000a480aa20,0x00000000b1480000)
 Metaspace       used 109437K, capacity 117510K, committed 120600K, reserved 1155072K
  class space    used 13739K, capacity 15036K, committed 15664K, reserved 1048576K
GC Heap History (10 events):
Event: 7610.108 GC heap before
{Heap before GC invocations=81 (full 6):
 PSYoungGen      total 193024K, used 182064K [0x00000000e0000000, 0x00000000ee100000, 0x0000000100000000)
  eden space 169984K, 100% used [0x00000000e0000000,0x00000000ea600000,0x00000000ea600000)
  from space 23040K, 52% used [0x00000000eca80000,0x00000000ed64c010,0x00000000ee100000)
  to   space 30208K, 0% used [0x00000000ea600000,0x00000000ea600000,0x00000000ec380000)
 ParOldGen       total 283136K, used 49598K [0x00000000a0000000, 0x00000000b1480000, 0x00000000e0000000)
  object space 283136K, 17% used [0x00000000a0000000,0x00000000a306fbf0,0x00000000b1480000)
 Metaspace       used 109074K, capacity 116918K, committed 120600K, reserved 1155072K
  class space    used 13711K, capacity 14989K, committed 15664K, reserved 1048576K
Event: 7610.124 GC heap after
Heap after GC invocations=81 (full 6):
 PSYoungGen      total 200192K, used 30199K [0x00000000e0000000, 0x00000000ef200000, 0x0000000100000000)
  eden space 169984K, 0% used [0x00000000e0000000,0x00000000e0000000,0x00000000ea600000)
  from space 30208K, 99% used [0x00000000ea600000,0x00000000ec37dc78,0x00000000ec380000)
  to   space 36352K, 0% used [0x00000000ece80000,0x00000000ece80000,0x00000000ef200000)
 ParOldGen       total 283136K, used 54630K [0x00000000a0000000, 0x00000000b1480000, 0x00000000e0000000)
  object space 283136K, 19% used [0x00000000a0000000,0x00000000a3559840,0x00000000b1480000)
 Metaspace       used 109074K, capacity 116918K, committed 120600K, reserved 1155072K
  class space    used 13711K, capacity 14989K, committed 15664K, reserved 1048576K
}
Event: 7699.078 GC heap before
{Heap before GC invocations=82 (full 6):
 PSYoungGen      total 200192K, used 200183K [0x00000000e0000000, 0x00000000ef200000, 0x0000000100000000)
  eden space 169984K, 100% used [0x00000000e0000000,0x00000000ea600000,0x00000000ea600000)
  from space 30208K, 99% used [0x00000000ea600000,0x00000000ec37dc78,0x00000000ec380000)
  to   space 36352K, 0% used [0x00000000ece80000,0x00000000ece80000,0x00000000ef200000)
 ParOldGen       total 283136K, used 54630K [0x00000000a0000000, 0x00000000b1480000, 0x00000000e0000000)
  object space 283136K, 19% used [0x00000000a0000000,0x00000000a3559840,0x00000000b1480000)
 Metaspace       used 109237K, capacity 117104K, committed 120600K, reserved 1155072K
  class space    used 13728K, capacity 15020K, committed 15664K, reserved 1048576K
Event: 7699.094 GC heap after
Heap after GC invocations=82 (full 6):
 PSYoungGen      total 196096K, used 28286K [0x00000000e0000000, 0x00000000eed00000, 0x0000000100000000)
  eden space 164864K, 0% used [0x00000000e0000000,0x00000000e0000000,0x00000000ea100000)
  from space 31232K, 90% used [0x00000000ece80000,0x00000000eea1fa50,0x00000000eed00000)
  to   space 38912K, 0% used [0x00000000ea100000,0x00000000ea100000,0x00000000ec700000)
 ParOldGen       total 283136K, used 54638K [0x00000000a0000000, 0x00000000b1480000, 0x00000000e0000000)
  object space 283136K, 19% used [0x00000000a0000000,0x00000000a355b840,0x00000000b1480000)
 Metaspace       used 109237K, capacity 117104K, committed 120600K, reserved 1155072K
  class space    used 13728K, capacity 15020K, committed 15664K, reserved 1048576K
}
Event: 7700.326 GC heap before
{Heap before GC invocations=83 (full 6):
 PSYoungGen      total 196096K, used 193099K [0x00000000e0000000, 0x00000000eed00000, 0x0000000100000000)
  eden space 164864K, 99% used [0x00000000e0000000,0x00000000ea0f32c8,0x00000000ea100000)
  from space 31232K, 90% used [0x00000000ece80000,0x00000000eea1fa50,0x00000000eed00000)
  to   space 38912K, 0% used [0x00000000ea100000,0x00000000ea100000,0x00000000ec700000)
 ParOldGen       total 283136K, used 54638K [0x00000000a0000000, 0x00000000b1480000, 0x00000000e0000000)
  object space 283136K, 19% used [0x00000000a0000000,0x00000000a355b840,0x00000000b1480000)
 Metaspace       used 109277K, capacity 117152K, committed 120600K, reserved 1155072K
  class space    used 13733K, capacity 15029K, committed 15664K, reserved 1048576K
Event: 7700.344 GC heap after
Heap after GC invocations=83 (full 6):
 PSYoungGen      total 203776K, used 38882K [0x00000000e0000000, 0x00000000f0080000, 0x0000000100000000)
  eden space 164864K, 0% used [0x00000000e0000000,0x00000000e0000000,0x00000000ea100000)
  from space 38912K, 99% used [0x00000000ea100000,0x00000000ec6f8908,0x00000000ec700000)
  to   space 46080K, 0% used [0x00000000ed380000,0x00000000ed380000,0x00000000f0080000)
 ParOldGen       total 283136K, used 58471K [0x00000000a0000000, 0x00000000b1480000, 0x00000000e0000000)
  object space 283136K, 20% used [0x00000000a0000000,0x00000000a3919c30,0x00000000b1480000)
 Metaspace       used 109277K, capacity 117152K, committed 120600K, reserved 1155072K
  class space    used 13733K, capacity 15029K, committed 15664K, reserved 1048576K
}
Event: 7700.804 GC heap before
{Heap before GC invocations=84 (full 6):
 PSYoungGen      total 203776K, used 203746K [0x00000000e0000000, 0x00000000f0080000, 0x0000000100000000)
  eden space 164864K, 100% used [0x00000000e0000000,0x00000000ea100000,0x00000000ea100000)
  from space 38912K, 99% used [0x00000000ea100000,0x00000000ec6f8908,0x00000000ec700000)
  to   space 46080K, 0% used [0x00000000ed380000,0x00000000ed380000,0x00000000f0080000)
 ParOldGen       total 283136K, used 58471K [0x00000000a0000000, 0x00000000b1480000, 0x00000000e0000000)
  object space 283136K, 20% used [0x00000000a0000000,0x00000000a3919c30,0x00000000b1480000)
 Metaspace       used 109334K, capacity 117296K, committed 120600K, reserved 1155072K
  class space    used 13737K, capacity 15033K, committed 15664K, reserved 1048576K
Event: 7700.871 GC heap after
Heap after GC invocations=84 (full 6):
 PSYoungGen      total 203776K, used 46061K [0x00000000e0000000, 0x00000000f2400000, 0x0000000100000000)
  eden space 157696K, 0% used [0x00000000e0000000,0x00000000e0000000,0x00000000e9a00000)
  from space 46080K, 99% used [0x00000000ed380000,0x00000000f007b520,0x00000000f0080000)
  to   space 58880K, 0% used [0x00000000e9a00000,0x00000000e9a00000,0x00000000ed380000)
 ParOldGen       total 283136K, used 73762K [0x00000000a0000000, 0x00000000b1480000, 0x00000000e0000000)
  object space 283136K, 26% used [0x00000000a0000000,0x00000000a4808a20,0x00000000b1480000)
 Metaspace       used 109334K, capacity 117296K, committed 120600K, reserved 1155072K
  class space    used 13737K, capacity 15033K, committed 15664K, reserved 1048576K
}
Event: 7753.945 GC heap before
{Heap before GC invocations=85 (full 6):
 PSYoungGen      total 203776K, used 203757K [0x00000000e0000000, 0x00000000f2400000, 0x0000000100000000)
  eden space 157696K, 100% used [0x00000000e0000000,0x00000000e9a00000,0x00000000e9a00000)
  from space 46080K, 99% used [0x00000000ed380000,0x00000000f007b520,0x00000000f0080000)
  to   space 58880K, 0% used [0x00000000e9a00000,0x00000000e9a00000,0x00000000ed380000)
 ParOldGen       total 283136K, used 73762K [0x00000000a0000000, 0x00000000b1480000, 0x00000000e0000000)
  object space 283136K, 26% used [0x00000000a0000000,0x00000000a4808a20,0x00000000b1480000)
 Metaspace       used 109435K, capacity 117510K, committed 120600K, reserved 1155072K
  class space    used 13739K, capacity 15036K, committed 15664K, reserved 1048576K
Event: 7753.970 GC heap after
Heap after GC invocations=85 (full 6):
 PSYoungGen      total 216576K, used 52779K [0x00000000e0000000, 0x00000000f2800000, 0x0000000100000000)
  eden space 157696K, 0% used [0x00000000e0000000,0x00000000e0000000,0x00000000e9a00000)
  from space 58880K, 89% used [0x00000000e9a00000,0x00000000ecd8ae60,0x00000000ed380000)
  to   space 66048K, 0% used [0x00000000ee780000,0x00000000ee780000,0x00000000f2800000)
 ParOldGen       total 283136K, used 73770K [0x00000000a0000000, 0x00000000b1480000, 0x00000000e0000000)
  object space 283136K, 26% used [0x00000000a0000000,0x00000000a480aa20,0x00000000b1480000)
 Metaspace       used 109435K, capacity 117510K, committed 120600K, reserved 1155072K
  class space    used 13739K, capacity 15036K, committed 15664K, reserved 1048576K
}

